{"level":"warn","message":"Route not found: /api/api/notes","timestamp":"2025-06-05T12:49:27.849Z"}
{"level":"warn","message":"Route not found: /api/api/notes","timestamp":"2025-06-05T12:49:27.857Z"}
{"level":"warn","message":"Route not found: /api/api/notes","timestamp":"2025-06-05T12:50:06.644Z"}
{"level":"warn","message":"Route not found: /api/api/notes","timestamp":"2025-06-05T12:50:08.347Z"}
{"level":"warn","message":"Route not found: /api/api/notes","timestamp":"2025-06-05T12:50:08.836Z"}
{"level":"warn","message":"Route not found: /api/api/notes","timestamp":"2025-06-05T12:50:09.619Z"}
{"level":"warn","message":"Route not found: /api/api/notes","timestamp":"2025-06-05T12:50:10.342Z"}
{"level":"warn","message":"Route not found: /api/api/notes","timestamp":"2025-06-05T12:50:10.837Z"}
{"level":"warn","message":"Route not found: /api/api/notes","timestamp":"2025-06-05T12:50:11.501Z"}
{"level":"warn","message":"Route not found: /api/habits/684192b3f0c71254100ff404/complete","timestamp":"2025-06-05T12:51:10.707Z"}
{"level":"warn","message":"Route not found: /api/habits/684192b3f0c71254100ff404/complete","timestamp":"2025-06-05T12:51:11.705Z"}
{"level":"warn","message":"Route not found: /api/habits/684192b3f0c71254100ff404/complete","timestamp":"2025-06-05T12:51:42.747Z"}
{"level":"warn","message":"Route not found: /api/habits/684192b3f0c71254100ff404/complete","timestamp":"2025-06-05T12:51:43.796Z"}
{"level":"warn","message":"Route not found: /api/habits/684192c8f0c71254100ff409/complete","timestamp":"2025-06-05T12:51:45.254Z"}
{"level":"warn","message":"Route not found: /api/api/notes","timestamp":"2025-06-05T12:52:18.822Z"}
{"level":"warn","message":"Route not found: /api/api/notes","timestamp":"2025-06-05T12:52:18.830Z"}
{"level":"warn","message":"Route not found: /api/api/notes","timestamp":"2025-06-05T12:52:31.945Z"}
{"level":"warn","message":"Route not found: /api/api/notes","timestamp":"2025-06-05T12:52:33.137Z"}
{"level":"warn","message":"Route not found: /api/api/notes","timestamp":"2025-06-05T12:52:45.303Z"}
{"level":"warn","message":"Route not found: /api/goals/6841955af0c71254100ff426","timestamp":"2025-06-05T13:02:23.493Z"}
{"level":"warn","message":"Route not found: /api/goals/6841955af0c71254100ff426","timestamp":"2025-06-05T13:02:24.309Z"}
{"level":"warn","message":"Route not found: /api/goals/6841955af0c71254100ff426","timestamp":"2025-06-05T13:02:36.483Z"}
{"level":"warn","message":"Route not found: /api/goals/6841955af0c71254100ff426","timestamp":"2025-06-05T13:02:40.330Z"}
{"level":"warn","message":"Route not found: /api/goals/684195d9f0c71254100ff440","timestamp":"2025-06-05T13:04:38.806Z"}
{"level":"warn","message":"Route not found: /api/goals/684195d9f0c71254100ff440","timestamp":"2025-06-05T13:04:39.918Z"}
{"level":"warn","message":"Route not found: /api/ai/ask","timestamp":"2025-06-05T14:23:32.370Z"}
{"level":"warn","message":"Route not found: /api/ai/ask","timestamp":"2025-06-05T14:24:13.695Z"}
{"level":"warn","message":"Route not found: /api/api/ai/ask","timestamp":"2025-06-05T14:27:17.193Z"}
{"level":"warn","message":"Route not found: /api/api/ai/ask","timestamp":"2025-06-05T14:27:43.046Z"}
{"level":"warn","message":"Route not found: /api/api/stats","timestamp":"2025-06-05T14:30:42.859Z"}
{"level":"warn","message":"Route not found: /api/api/stats","timestamp":"2025-06-05T14:30:42.870Z"}
{"level":"warn","message":"Route not found: /api/api/stats","timestamp":"2025-06-05T14:30:52.606Z"}
{"level":"warn","message":"Route not found: /api/api/stats","timestamp":"2025-06-05T14:30:52.615Z"}
{"level":"warn","message":"Route not found: /api/api/stats","timestamp":"2025-06-05T14:30:54.509Z"}
{"level":"warn","message":"Route not found: /api/api/api/stats","timestamp":"2025-06-05T14:33:26.993Z"}
{"level":"warn","message":"Route not found: /api/api/api/stats","timestamp":"2025-06-05T14:33:26.998Z"}
{"level":"warn","message":"Route not found: /api/api/stats","timestamp":"2025-06-05T14:35:53.665Z"}
{"level":"warn","message":"Route not found: /api/api/stats","timestamp":"2025-06-05T14:35:53.679Z"}
{"level":"warn","message":"Route not found: /api/api/stats","timestamp":"2025-06-05T14:36:04.979Z"}
{"level":"warn","message":"Route not found: /api/api/stats","timestamp":"2025-06-05T14:36:04.992Z"}
{"level":"warn","message":"Route not found: /api/api/stats","timestamp":"2025-06-05T14:36:20.877Z"}
{"level":"warn","message":"Route not found: /api/api/stats","timestamp":"2025-06-05T14:36:20.890Z"}
{"level":"warn","message":"Route not found: /api/api/stats","timestamp":"2025-06-05T14:37:39.072Z"}
{"level":"warn","message":"Route not found: /api/api/stats","timestamp":"2025-06-05T14:37:39.084Z"}
{"level":"warn","message":"Route not found: /api/api/stats","timestamp":"2025-06-05T14:37:41.672Z"}
{"level":"warn","message":"Route not found: /api/api/stats","timestamp":"2025-06-05T14:37:41.680Z"}
{"level":"warn","message":"Route not found: /api/api/stats","timestamp":"2025-06-05T14:37:44.325Z"}
{"level":"warn","message":"Route not found: /api/api/stats","timestamp":"2025-06-05T14:37:44.331Z"}
{"level":"warn","message":"Route not found: /api/api/stats","timestamp":"2025-06-05T14:41:03.897Z"}
{"level":"warn","message":"Route not found: /api/api/stats","timestamp":"2025-06-05T14:41:03.907Z"}
{"level":"warn","message":"Route not found: /api/api/stats","timestamp":"2025-06-05T14:41:07.326Z"}
{"level":"warn","message":"Route not found: /api/api/stats","timestamp":"2025-06-05T14:41:07.339Z"}
{"level":"warn","message":"Route not found: /api/api/stats","timestamp":"2025-06-05T14:41:11.514Z"}
{"level":"warn","message":"Route not found: /api/api/stats","timestamp":"2025-06-05T14:41:11.527Z"}
{"level":"warn","message":"Route not found: /api/api/stats","timestamp":"2025-06-05T14:48:31.971Z"}
{"level":"warn","message":"Route not found: /api/api/stats","timestamp":"2025-06-05T14:48:31.983Z"}
{"level":"warn","message":"Route not found: /api/api/api/stats","timestamp":"2025-06-05T14:51:38.994Z"}
{"level":"warn","message":"Route not found: /api/api/api/stats","timestamp":"2025-06-05T14:51:39.012Z"}
{"level":"warn","message":"Route not found: /api/api/api/stats","timestamp":"2025-06-05T14:53:07.870Z"}
{"level":"warn","message":"Route not found: /api/api/api/stats","timestamp":"2025-06-05T14:53:07.875Z"}
{"level":"warn","message":"Route not found: /api/api/api/stats","timestamp":"2025-06-05T14:53:15.421Z"}
{"level":"warn","message":"Route not found: /api/api/api/stats","timestamp":"2025-06-05T14:53:15.428Z"}
{"level":"warn","message":"Route not found: /api/api/api/stats","timestamp":"2025-06-05T14:55:13.830Z"}
{"level":"warn","message":"Route not found: /api/api/api/stats","timestamp":"2025-06-05T14:55:13.842Z"}
{"level":"warn","message":"Route not found: /api/api/api/stats","timestamp":"2025-06-05T14:55:14.093Z"}
{"level":"warn","message":"Route not found: /api/api/api/stats","timestamp":"2025-06-05T14:55:14.104Z"}
{"level":"warn","message":"Route not found: /api/api/api/stats","timestamp":"2025-06-05T14:55:57.248Z"}
{"level":"warn","message":"Route not found: /api/api/api/stats","timestamp":"2025-06-05T14:55:57.260Z"}
{"level":"warn","message":"Route not found: /api/api/api/stats","timestamp":"2025-06-05T14:55:58.100Z"}
{"level":"warn","message":"Route not found: /api/api/api/stats","timestamp":"2025-06-05T14:55:58.113Z"}
{"level":"warn","message":"Route not found: /api/api/stats","timestamp":"2025-06-05T14:56:51.465Z"}
{"level":"warn","message":"Route not found: /api/api/stats","timestamp":"2025-06-05T14:56:51.508Z"}
{"level":"warn","message":"Route not found: /api/api/stats","timestamp":"2025-06-05T14:56:51.931Z"}
{"level":"warn","message":"Route not found: /api/api/stats","timestamp":"2025-06-05T14:56:51.951Z"}
{"level":"warn","message":"Route not found: /api/api/stats","timestamp":"2025-06-05T14:59:06.873Z"}
{"level":"warn","message":"Route not found: /api/api/stats","timestamp":"2025-06-05T14:59:06.900Z"}
{"level":"warn","message":"Route not found: /api/api/stats","timestamp":"2025-06-05T14:59:07.161Z"}
{"level":"warn","message":"Route not found: /api/api/stats","timestamp":"2025-06-05T14:59:07.176Z"}
{"level":"warn","message":"Route not found: /goals","timestamp":"2025-06-06T11:43:40.772Z"}
{"level":"warn","message":"Route not found: /goals","timestamp":"2025-06-06T11:43:40.778Z"}
{"level":"warn","message":"Route not found: /goals","timestamp":"2025-06-06T11:43:50.251Z"}
{"level":"warn","message":"Route not found: /goals","timestamp":"2025-06-06T11:43:50.256Z"}
{"level":"warn","message":"Route not found: /stats","timestamp":"2025-06-06T11:44:34.561Z"}
{"level":"warn","message":"Route not found: /stats","timestamp":"2025-06-06T11:44:34.565Z"}
{"level":"warn","message":"Route not found: /stats","timestamp":"2025-06-06T11:45:10.546Z"}
{"level":"warn","message":"Route not found: /stats","timestamp":"2025-06-06T11:45:10.550Z"}
{"level":"warn","message":"Route not found: /api/goals/6842d4d86e874654bc572034","timestamp":"2025-06-06T11:45:31.175Z"}
{"level":"warn","message":"Route not found: /api/goals/6842d4d86e874654bc572034","timestamp":"2025-06-06T11:45:32.228Z"}
{"level":"warn","message":"Route not found: /api/goals/6842d4d86e874654bc572034","timestamp":"2025-06-06T11:45:41.934Z"}
{"level":"warn","message":"Route not found: /api/goals/6842d4d86e874654bc572034","timestamp":"2025-06-06T11:46:00.656Z"}
{"level":"warn","message":"Route not found: /api/goals/6842d4d86e874654bc572034","timestamp":"2025-06-06T11:46:17.594Z"}
{"level":"warn","message":"Route not found: /stats","timestamp":"2025-06-06T11:48:19.291Z"}
{"level":"warn","message":"Route not found: /stats","timestamp":"2025-06-06T11:48:19.297Z"}
{"level":"warn","message":"Route not found: /stats","timestamp":"2025-06-06T11:49:44.997Z"}
{"level":"warn","message":"Route not found: /stats","timestamp":"2025-06-06T11:49:45.002Z"}
{"level":"warn","message":"Route not found: /api/tasks/6842d71bd7aa485c8ba8fcef","timestamp":"2025-06-06T11:55:30.007Z"}
{"level":"warn","message":"Route not found: /api/tasks/6842d71bd7aa485c8ba8fcef","timestamp":"2025-06-06T11:55:31.331Z"}
{"level":"warn","message":"Route not found: /api/habits/6842d8684f4d2bf0647ff3ef/complete","timestamp":"2025-06-06T12:00:49.794Z"}
{"level":"warn","message":"Route not found: /api/habits/6842d8684f4d2bf0647ff3ef/complete","timestamp":"2025-06-06T12:01:06.420Z"}
